app/build/intermediates/manifest_merge_blame_file/debug/processDebugMainManifest/manifest-merger-blame-debug-report.txt
1<?xml version="1.0" encoding="utf-8"?>
2<manifest xmlns:android="http://schemas.android.com/apk/res/android"
3    package="com.volumeoverlay"
4    android:versionCode="1"
5    android:versionName="1.0" >
6
7    <uses-sdk
8        android:minSdkVersion="21"
9        android:targetSdkVersion="34" />
10
11    <uses-permission android:name="android.permission.SYSTEM_ALERT_WINDOW" />
11-->src/main/AndroidManifest.xml:5:5-78
11-->src/main/AndroidManifest.xml:5:22-75
12    <uses-permission android:name="android.permission.ACCESSIBILITY_SERVICE" />
12-->src/main/AndroidManifest.xml:6:5-80
12-->src/main/AndroidManifest.xml:6:22-77
13    <uses-permission android:name="android.permission.FOREGROUND_SERVICE" />
13-->src/main/AndroidManifest.xml:7:5-77
13-->src/main/AndroidManifest.xml:7:22-74
14    <uses-permission android:name="android.permission.RECEIVE_BOOT_COMPLETED" />
14-->src/main/AndroidManifest.xml:8:5-81
14-->src/main/AndroidManifest.xml:8:22-78
15
16    <uses-feature
16-->src/main/AndroidManifest.xml:10:5-86
17        android:name="android.software.leanback"
17-->src/main/AndroidManifest.xml:10:19-59
18        android:required="true" />
18-->src/main/AndroidManifest.xml:10:60-83
19    <uses-feature
19-->src/main/AndroidManifest.xml:11:5-90
20        android:name="android.hardware.touchscreen"
20-->src/main/AndroidManifest.xml:11:19-62
21        android:required="false" />
21-->src/main/AndroidManifest.xml:11:63-87
22
23    <permission
23-->[androidx.core:core:1.9.0] AndroidManifest.xml:22:5-24:47
24        android:name="com.volumeoverlay.DYNAMIC_RECEIVER_NOT_EXPORTED_PERMISSION"
24-->[androidx.core:core:1.9.0] AndroidManifest.xml:23:9-81
25        android:protectionLevel="signature" />
25-->[androidx.core:core:1.9.0] AndroidManifest.xml:24:9-44
26
27    <uses-permission android:name="com.volumeoverlay.DYNAMIC_RECEIVER_NOT_EXPORTED_PERMISSION" />
27-->[androidx.core:core:1.9.0] AndroidManifest.xml:26:5-97
27-->[androidx.core:core:1.9.0] AndroidManifest.xml:26:22-94
28
29    <application
29-->src/main/AndroidManifest.xml:13:5-54:19
30        android:allowBackup="true"
30-->src/main/AndroidManifest.xml:14:9-35
31        android:appComponentFactory="androidx.core.app.CoreComponentFactory"
31-->[androidx.core:core:1.9.0] AndroidManifest.xml:28:18-86
32        android:banner="@drawable/banner"
32-->src/main/AndroidManifest.xml:16:9-42
33        android:debuggable="true"
34        android:extractNativeLibs="true"
35        android:icon="@mipmap/ic_launcher"
35-->src/main/AndroidManifest.xml:15:9-43
36        android:label="TV Volume Overlay"
36-->src/main/AndroidManifest.xml:17:9-42
37        android:theme="@style/Theme.Leanback" >
37-->src/main/AndroidManifest.xml:18:9-46
38
39        <!-- Main launcher activity -->
40        <activity
40-->src/main/AndroidManifest.xml:21:9-29:20
41            android:name="com.volumeoverlay.MainActivity"
41-->src/main/AndroidManifest.xml:22:13-41
42            android:exported="true"
42-->src/main/AndroidManifest.xml:23:13-36
43            android:launchMode="singleTop" >
43-->src/main/AndroidManifest.xml:24:13-43
44            <intent-filter>
44-->src/main/AndroidManifest.xml:25:13-28:29
45                <action android:name="android.intent.action.MAIN" />
45-->src/main/AndroidManifest.xml:26:17-69
45-->src/main/AndroidManifest.xml:26:25-66
46
47                <category android:name="android.intent.category.LEANBACK_LAUNCHER" />
47-->src/main/AndroidManifest.xml:27:17-86
47-->src/main/AndroidManifest.xml:27:27-83
48            </intent-filter>
49        </activity>
50
51        <!-- Accessibility Service that intercepts volume keys globally -->
52        <service
52-->src/main/AndroidManifest.xml:32:9-43:19
53            android:name="com.volumeoverlay.VolumeAccessibilityService"
53-->src/main/AndroidManifest.xml:33:13-55
54            android:exported="true"
54-->src/main/AndroidManifest.xml:34:13-36
55            android:label="TV Volume Overlay"
55-->src/main/AndroidManifest.xml:35:13-46
56            android:permission="android.permission.BIND_ACCESSIBILITY_SERVICE" >
56-->src/main/AndroidManifest.xml:36:13-79
57            <intent-filter>
57-->src/main/AndroidManifest.xml:37:13-39:29
58                <action android:name="android.accessibilityservice.AccessibilityService" />
58-->src/main/AndroidManifest.xml:38:17-92
58-->src/main/AndroidManifest.xml:38:25-89
59            </intent-filter>
60
61            <meta-data
61-->src/main/AndroidManifest.xml:40:13-42:72
62                android:name="android.accessibilityservice"
62-->src/main/AndroidManifest.xml:41:17-60
63                android:resource="@xml/accessibility_service_config" />
63-->src/main/AndroidManifest.xml:42:17-69
64        </service>
65
66        <!-- Boot receiver to remind user to re-enable service -->
67        <receiver
67-->src/main/AndroidManifest.xml:46:9-52:20
68            android:name="com.volumeoverlay.BootReceiver"
68-->src/main/AndroidManifest.xml:47:13-41
69            android:exported="true" >
69-->src/main/AndroidManifest.xml:48:13-36
70            <intent-filter>
70-->src/main/AndroidManifest.xml:49:13-51:29
71                <action android:name="android.intent.action.BOOT_COMPLETED" />
71-->src/main/AndroidManifest.xml:50:17-79
71-->src/main/AndroidManifest.xml:50:25-76
72            </intent-filter>
73        </receiver>
74
75        <provider
75-->[androidx.emoji2:emoji2:1.2.0] AndroidManifest.xml:24:9-32:20
76            android:name="androidx.startup.InitializationProvider"
76-->[androidx.emoji2:emoji2:1.2.0] AndroidManifest.xml:25:13-67
77            android:authorities="com.volumeoverlay.androidx-startup"
77-->[androidx.emoji2:emoji2:1.2.0] AndroidManifest.xml:26:13-68
78            android:exported="false" >
78-->[androidx.emoji2:emoji2:1.2.0] AndroidManifest.xml:27:13-37
79            <meta-data
79-->[androidx.emoji2:emoji2:1.2.0] AndroidManifest.xml:29:13-31:52
80                android:name="androidx.emoji2.text.EmojiCompatInitializer"
80-->[androidx.emoji2:emoji2:1.2.0] AndroidManifest.xml:30:17-75
81                android:value="androidx.startup" />
81-->[androidx.emoji2:emoji2:1.2.0] AndroidManifest.xml:31:17-49
82            <meta-data
82-->[androidx.lifecycle:lifecycle-process:2.4.1] AndroidManifest.xml:31:13-33:52
83                android:name="androidx.lifecycle.ProcessLifecycleInitializer"
83-->[androidx.lifecycle:lifecycle-process:2.4.1] AndroidManifest.xml:32:17-78
84                android:value="androidx.startup" />
84-->[androidx.lifecycle:lifecycle-process:2.4.1] AndroidManifest.xml:33:17-49
85        </provider>
86    </application>
87
88</manifest>